<?xml version="1.0" encoding="UTF-8"?>
<!-- Generated by org.testng.reporters.JUnitReportReporter -->
<testsuite skipped="0" hostname="TYSS-4F-047" name="Com.Shopclues.Scripts.SignInTest" tests="1" failures="0" timestamp="08 Nov 2017 07:52:22 GMT" time="133.077" errors="0">
  <testcase name="SignIn" time="133.077" classname="Com.Shopclues.Scripts.SignInTest"/>
</testsuite> <!-- Com.Shopclues.Scripts.SignInTest -->
